<?xml version="1.0" encoding="UTF-8"?>
<!-- Generated by org.testng.reporters.JUnitXMLReporter -->
<testsuite hostname="rajashree" ignored="1" name="Default test" tests="1" failures="0" timestamp="26 Jun 2017 11:16:43 GMT" time="11.408" errors="0">
  <testcase name="paginationCountTest" time="7.017" classname="com.lmsauto.classes.HRListUsersRecordsPerPageCountTest"/>
  <testcase name="pagePerCountTest" time="0.0" classname="com.lmsauto.classes.HRListUsersRecordsPerPageCountTest">
    <ignored/>
  </testcase> <!-- pagePerCountTest -->
</testsuite> <!-- Default test -->
