<?xml version="1.0" encoding="UTF-8"?>
<!-- Generated by org.testng.reporters.JUnitXMLReporter -->
<testsuite hostname="Rohit-Tester" ignored="0" name="testng_pom" tests="1" failures="1" timestamp="28 Jun 2017 11:12:24 GMT" time="76.618" errors="0">
  <testcase name="hrNewUserCreationTest" time="71.619" classname="com.lmsauto.tests.HRNewUserCreationTest">
    <failure type="java.lang.AssertionError" message="expected [AutomationTera] but found [Automationtera]">
      <![CDATA[java.lang.AssertionError: expected [AutomationTera] but found [Automationtera]
	at com.lmsauto.pages.HRListUsersPage.getDataOfNewlyAddedEnquiry(HRListUsersPage.java:55)
	at com.lmsauto.tests.HRNewUserCreationTest.hrNewUserCreationTest(HRNewUserCreationTest.java:107)
... Removed 31 stack frames]]>
    </failure>
  </testcase> <!-- hrNewUserCreationTest -->
</testsuite> <!-- testng_pom -->
